#
# A fatal error has been detected by the Java Runtime Environment:
#
#  SIGSEGV (0xb) at pc=0x000000010bd70662, pid=2994, tid=17155
#
# JRE version: Java(TM) SE Runtime Environment (8.0_45-b14) (build 1.8.0_45-b14)
# Java VM: Java HotSpot(TM) 64-Bit Server VM (25.45-b02 mixed mode bsd-amd64 compressed oops)
# Problematic frame:
# V  [libjvm.dylib+0x370662]
#
# Failed to write core dump. Core dumps have been disabled. To enable core dumping, try "ulimit -c unlimited" before starting Java again
#
# If you would like to submit a bug report, please visit:
#   http://bugreport.java.com/bugreport/crash.jsp
#

---------------  T H R E A D  ---------------

Current thread (0x00007fe55f020800):  JavaThread "JDWP Transport Listener: dt_socket" daemon [_thread_in_vm, id=17155, stack(0x000070000c486000,0x000070000c586000)]

siginfo: si_signo: 11 (SIGSEGV), si_code: 1 (SEGV_MAPERR), si_addr: 0x00007fe5a647c6b0

Registers:
RAX=0x00007fe55dff7788, RBX=0x00000007c0060608, RCX=0x0000000000000001, RDX=0x00007fe55de0a110
RSP=0x000070000c585970, RBP=0x000070000c5859f0, RSI=0x0000000000000000, RDI=0x00007fe55de09870
R8 =0x000070000c5858e0, R9 =0x000070000c5858d8, R10=0x00007fe55dff7700, R11=0x0000000000000001
R12=0x0000000000000008, R13=0x0000000009090a00, R14=0x000000000000000a, R15=0x00007fe55dff76b0
RIP=0x000000010bd70662, EFLAGS=0x0000000000010202, ERR=0x0000000000000006
  TRAPNO=0x000000000000000e

Top of Stack: (sp=0x000070000c585970)
0x000070000c585970:   000070000c585980 000000000000000a
0x000070000c585980:   000070000c585a84 000070000c585a78
0x000070000c585990:   00007fe55f020800 00007fe55de08f90
0x000070000c5859a0:   00007fe55de0a020 00007fe55de0a030
0x000070000c5859b0:   00007fe55de0a108 00000000000000d8
0x000070000c5859c0:   000070000c585db0 000070000c585a78
0x000070000c5859d0:   00007fe55de00d50 00007fe55f020800
0x000070000c5859e0:   000070000c585a84 0000000740150358
0x000070000c5859f0:   000070000c585a60 000000010bd44fc7
0x000070000c585a00:   00007fe55f020800 00007fe55f020800
0x000070000c585a10:   0000000000000000 0000700000000000
0x000070000c585a20:   0000000000000000 00007fe55f020800
0x000070000c585a30:   00007fe55f020800 0000000000000001
0x000070000c585a40:   00007fe55dd1a328 00007fe56004f7e0
0x000070000c585a50:   000070000c585b08 000070000c585c90
0x000070000c585a60:   000070000c585ad0 000000010b126195
0x000070000c585a70:   000070000c585aa0 0000000000000000
0x000070000c585a80:   0000000000000032 000070000c585b08
0x000070000c585a90:   000070000c585b08 000000010b154598
0x000070000c585aa0:   000070000c585ac0 000070000c585c90
0x000070000c585ab0:   000000010b148e7a 00007fe56004f7e0
0x000070000c585ac0:   000070000c585b08 000000010b154598
0x000070000c585ad0:   000070000c585ae0 000000010b1262ec
0x000070000c585ae0:   000070000c585d00 000000010b12f898
0x000070000c585af0:   000061b000000013 00000000000f0200
0x000070000c585b00:   00007fe56004c010 000070000c585b58
0x000070000c585b10:   00007fe50000012c 000070000c585b20
0x000070000c585b20:   00007fe500000000 000070000c585b58
0x000070000c585b30:   0000000000000000 0000000000000000
0x000070000c585b40:   000061b00000000f 0000000000000080
0x000070000c585b50:   000070000c585b58 0000000012000000
0x000070000c585b60:   1000000000000000 0000000003000000 

Instructions: (pc=0x000000010bd70662)
0x000000010bd70642:   45 31 e4 48 8b 83 80 01 00 00 48 8b 8b a0 01 00
0x000000010bd70652:   00 4e 63 6c a1 04 4a 8b 7c e0 08 e8 ee 7a fa ff
0x000000010bd70662:   4b 89 04 ef 49 ff c4 4d 39 e6 75 d7 48 8b 45 88
0x000000010bd70672:   48 8b 55 90 89 02 48 8b 4d 98 4c 89 39 31 db 48 

Register to memory mapping:

RAX=0x00007fe55dff7788 is an unknown value
RBX=0x00000007c0060608 is pointing into metadata
RCX=0x0000000000000001 is an unknown value
RDX=0x00007fe55de0a110 is an unknown value
RSP=0x000070000c585970 is pointing into the stack for thread: 0x00007fe55f020800
RBP=0x000070000c5859f0 is pointing into the stack for thread: 0x00007fe55f020800
RSI=0x0000000000000000 is an unknown value
RDI=0x00007fe55de09870 is an unknown value
R8 =0x000070000c5858e0 is pointing into the stack for thread: 0x00007fe55f020800
R9 =0x000070000c5858d8 is pointing into the stack for thread: 0x00007fe55f020800
R10=0x00007fe55dff7700 is an unknown value
R11=0x0000000000000001 is an unknown value
R12=0x0000000000000008 is an unknown value
R13=0x0000000009090a00 is an unknown value
R14=0x000000000000000a is an unknown value
R15=0x00007fe55dff76b0 is an unknown value


Stack: [0x000070000c486000,0x000070000c586000],  sp=0x000070000c585970,  free space=1022k
Native frames: (J=compiled Java code, j=interpreted, Vv=VM code, C=native code)
V  [libjvm.dylib+0x370662]
V  [libjvm.dylib+0x344fc7]
C  [libjdwp.dylib+0x5195]  methods1+0xad
C  [libjdwp.dylib+0x52ec]  methodsWithGeneric+0xe
C  [libjdwp.dylib+0xe898]  debugLoop_run+0x1ce
C  [libjdwp.dylib+0x1f6ba]  attachThread+0x4d
V  [libjvm.dylib+0x38401c]
V  [libjvm.dylib+0x549acf]
V  [libjvm.dylib+0x54b1c0]
V  [libjvm.dylib+0x46ea7e]
C  [libsystem_pthread.dylib+0x3aab]  _pthread_body+0xb4
C  [libsystem_pthread.dylib+0x39f7]  _pthread_body+0x0
C  [libsystem_pthread.dylib+0x31fd]  thread_start+0xd
C  0x0000000000000000


---------------  P R O C E S S  ---------------

Java Threads: ( => current thread )
  0x00007fe55fa79800 JavaThread "pool-1-thread-1" [_thread_blocked, id=21763, stack(0x000070000cda1000,0x000070000cea1000)]
  0x00007fe55f2b3000 JavaThread "MySQL Statement Cancellation Timer" daemon [_thread_blocked, id=21251, stack(0x000070000cc9e000,0x000070000cd9e000)]
  0x00007fe55f923000 JavaThread "Service Thread" daemon [_thread_blocked, id=20227, stack(0x000070000ca98000,0x000070000cb98000)]
  0x00007fe55e03e000 JavaThread "C1 CompilerThread2" daemon [_thread_blocked, id=19715, stack(0x000070000c995000,0x000070000ca95000)]
  0x00007fe55f922800 JavaThread "C2 CompilerThread1" daemon [_thread_blocked, id=19203, stack(0x000070000c892000,0x000070000c992000)]
  0x00007fe55f8d7000 JavaThread "C2 CompilerThread0" daemon [_thread_blocked, id=18691, stack(0x000070000c78f000,0x000070000c88f000)]
  0x00007fe55f83f800 JavaThread "JDWP Command Reader" daemon [_thread_in_native, id=18179, stack(0x000070000c68c000,0x000070000c78c000)]
  0x00007fe55e818800 JavaThread "JDWP Event Helper Thread" daemon [_thread_blocked, id=17667, stack(0x000070000c589000,0x000070000c689000)]
=>0x00007fe55f020800 JavaThread "JDWP Transport Listener: dt_socket" daemon [_thread_in_vm, id=17155, stack(0x000070000c486000,0x000070000c586000)]
  0x00007fe55e817800 JavaThread "Signal Dispatcher" daemon [_thread_blocked, id=16643, stack(0x000070000c383000,0x000070000c483000)]
  0x00007fe55f008800 JavaThread "Finalizer" daemon [_thread_blocked, id=12547, stack(0x000070000c280000,0x000070000c380000)]
  0x00007fe55f008000 JavaThread "Reference Handler" daemon [_thread_blocked, id=12035, stack(0x000070000c17d000,0x000070000c27d000)]
  0x00007fe55e805000 JavaThread "main" [_thread_in_native, id=6915, stack(0x000070000bb6b000,0x000070000bc6b000)]

Other Threads:
  0x00007fe55f82b800 VMThread [stack: 0x000070000c07a000,0x000070000c17a000] [id=11523]
  0x00007fe55f028000 WatcherThread [stack: 0x000070000cb9b000,0x000070000cc9b000] [id=20739]

VM state:not at safepoint (normal execution)

VM Mutex/Monitor currently owned by a thread: None

Heap:
 PSYoungGen      total 38400K, used 5574K [0x0000000795580000, 0x0000000799600000, 0x00000007c0000000)
  eden space 33280K, 5% used [0x0000000795580000,0x0000000795736dd8,0x0000000797600000)
  from space 5120K, 74% used [0x0000000797600000,0x00000007979baa38,0x0000000797b00000)
  to   space 8192K, 0% used [0x0000000798e00000,0x0000000798e00000,0x0000000799600000)
 ParOldGen       total 55808K, used 5649K [0x0000000740000000, 0x0000000743680000, 0x0000000795580000)
  object space 55808K, 10% used [0x0000000740000000,0x0000000740584600,0x0000000743680000)
 Metaspace       used 24905K, capacity 25122K, committed 25600K, reserved 1071104K
  class space    used 3195K, capacity 3271K, committed 3328K, reserved 1048576K

Card table byte_map: [0x000000010cd29000,0x000000010d12a000] byte_map_base: 0x0000000109329000

Marking Bits: (ParMarkBitMap*) 0x000000010c2c27a0
 Begin Bits: [0x000000010d3d5000, 0x000000010f3d5000)
 End Bits:   [0x000000010f3d5000, 0x00000001113d5000)

Polling page: 0x000000010b120000

CodeCache: size=245760Kb used=4958Kb max_used=4958Kb free=240801Kb
 bounds [0x0000000116b07000, 0x0000000116fe7000, 0x0000000125b07000]
 total_blobs=1915 nmethods=1448 adapters=389
 compilation: enabled

Compilation events (10 events):
Event: 2492.798 Thread 0x00007fe55e03e000 1443       3       java.util.concurrent.locks.ReentrantLock$Sync::tryRelease (45 bytes)
Event: 2492.798 Thread 0x00007fe55e03e000 nmethod 1443 0x0000000116fddd50 code [0x0000000116fddee0, 0x0000000116fde4a8]
Event: 2552.806 Thread 0x00007fe55e03e000 1444       3       java.util.concurrent.ScheduledThreadPoolExecutor::now (4 bytes)
Event: 2552.806 Thread 0x00007fe55e03e000 nmethod 1444 0x0000000116fdd950 code [0x0000000116fddac0, 0x0000000116fddc30]
Event: 2582.813 Thread 0x00007fe55e03e000 1445       3       java.util.concurrent.ScheduledThreadPoolExecutor::canRunInCurrentRunState (20 bytes)
Event: 2582.813 Thread 0x00007fe55e03e000 nmethod 1445 0x0000000116fdfad0 code [0x0000000116fdfc60, 0x0000000116fe00b0]
Event: 2582.813 Thread 0x00007fe55e03e000 1446       3       java.util.concurrent.ThreadPoolExecutor::isRunningOrShutdown (31 bytes)
Event: 2582.814 Thread 0x00007fe55e03e000 nmethod 1446 0x0000000116fe0210 code [0x0000000116fe0380, 0x0000000116fe06b0]
Event: 2827.499 Thread 0x00007fe55e03e000 1448       3       sun.reflect.Reflection::filter (220 bytes)
Event: 2827.500 Thread 0x00007fe55e03e000 nmethod 1448 0x0000000116fe0b10 code [0x0000000116fe0d20, 0x0000000116fe1948]

GC Heap History (10 events):
Event: 1.863 GC heap before
{Heap before GC invocations=2 (full 0):
 PSYoungGen      total 38400K, used 34486K [0x0000000795580000, 0x0000000798000000, 0x00000007c0000000)
  eden space 33280K, 100% used [0x0000000795580000,0x0000000797600000,0x0000000797600000)
  from space 5120K, 23% used [0x0000000797600000,0x000000079772d828,0x0000000797b00000)
  to   space 5120K, 0% used [0x0000000797b00000,0x0000000797b00000,0x0000000798000000)
 ParOldGen       total 87552K, used 8K [0x0000000740000000, 0x0000000745580000, 0x0000000795580000)
  object space 87552K, 0% used [0x0000000740000000,0x0000000740002000,0x0000000745580000)
 Metaspace       used 13307K, capacity 13506K, committed 13824K, reserved 1060864K
  class space    used 1678K, capacity 1749K, committed 1792K, reserved 1048576K
Event: 1.881 GC heap after
Heap after GC invocations=2 (full 0):
 PSYoungGen      total 38400K, used 4491K [0x0000000795580000, 0x0000000798000000, 0x00000007c0000000)
  eden space 33280K, 0% used [0x0000000795580000,0x0000000795580000,0x0000000797600000)
  from space 5120K, 87% used [0x0000000797b00000,0x0000000797f62d38,0x0000000798000000)
  to   space 5120K, 0% used [0x0000000797600000,0x0000000797600000,0x0000000797b00000)
 ParOldGen       total 87552K, used 88K [0x0000000740000000, 0x0000000745580000, 0x0000000795580000)
  object space 87552K, 0% used [0x0000000740000000,0x0000000740016010,0x0000000745580000)
 Metaspace       used 13307K, capacity 13506K, committed 13824K, reserved 1060864K
  class space    used 1678K, capacity 1749K, committed 1792K, reserved 1048576K
}
Event: 2.963 GC heap before
{Heap before GC invocations=3 (full 0):
 PSYoungGen      total 38400K, used 37771K [0x0000000795580000, 0x0000000798000000, 0x00000007c0000000)
  eden space 33280K, 100% used [0x0000000795580000,0x0000000797600000,0x0000000797600000)
  from space 5120K, 87% used [0x0000000797b00000,0x0000000797f62d38,0x0000000798000000)
  to   space 5120K, 0% used [0x0000000797600000,0x0000000797600000,0x0000000797b00000)
 ParOldGen       total 87552K, used 88K [0x0000000740000000, 0x0000000745580000, 0x0000000795580000)
  object space 87552K, 0% used [0x0000000740000000,0x0000000740016010,0x0000000745580000)
 Metaspace       used 18621K, capacity 18824K, committed 19200K, reserved 1067008K
  class space    used 2366K, capacity 2454K, committed 2560K, reserved 1048576K
Event: 2.971 GC heap after
Heap after GC invocations=3 (full 0):
 PSYoungGen      total 38400K, used 5110K [0x0000000795580000, 0x0000000798000000, 0x00000007c0000000)
  eden space 33280K, 0% used [0x0000000795580000,0x0000000795580000,0x0000000797600000)
  from space 5120K, 99% used [0x0000000797600000,0x0000000797afdad0,0x0000000797b00000)
  to   space 5120K, 0% used [0x0000000797b00000,0x0000000797b00000,0x0000000798000000)
 ParOldGen       total 87552K, used 1770K [0x0000000740000000, 0x0000000745580000, 0x0000000795580000)
  object space 87552K, 2% used [0x0000000740000000,0x00000007401ba968,0x0000000745580000)
 Metaspace       used 18621K, capacity 18824K, committed 19200K, reserved 1067008K
  class space    used 2366K, capacity 2454K, committed 2560K, reserved 1048576K
}
Event: 3.281 GC heap before
{Heap before GC invocations=4 (full 0):
 PSYoungGen      total 38400K, used 21109K [0x0000000795580000, 0x0000000798000000, 0x00000007c0000000)
  eden space 33280K, 48% used [0x0000000795580000,0x000000079651fce8,0x0000000797600000)
  from space 5120K, 99% used [0x0000000797600000,0x0000000797afdad0,0x0000000797b00000)
  to   space 5120K, 0% used [0x0000000797b00000,0x0000000797b00000,0x0000000798000000)
 ParOldGen       total 87552K, used 1770K [0x0000000740000000, 0x0000000745580000, 0x0000000795580000)
  object space 87552K, 2% used [0x0000000740000000,0x00000007401ba968,0x0000000745580000)
 Metaspace       used 20802K, capacity 21014K, committed 21248K, reserved 1067008K
  class space    used 2608K, capacity 2715K, committed 2816K, reserved 1048576K
Event: 3.287 GC heap after
Heap after GC invocations=4 (full 0):
 PSYoungGen      total 38400K, used 5103K [0x0000000795580000, 0x000000079a080000, 0x00000007c0000000)
  eden space 33280K, 0% used [0x0000000795580000,0x0000000795580000,0x0000000797600000)
  from space 5120K, 99% used [0x0000000797b00000,0x0000000797ffbd38,0x0000000798000000)
  to   space 5120K, 0% used [0x0000000797600000,0x0000000797600000,0x0000000797b00000)
 ParOldGen       total 87552K, used 2352K [0x0000000740000000, 0x0000000745580000, 0x0000000795580000)
  object space 87552K, 2% used [0x0000000740000000,0x000000074024c170,0x0000000745580000)
 Metaspace       used 20802K, capacity 21014K, committed 21248K, reserved 1067008K
  class space    used 2608K, capacity 2715K, committed 2816K, reserved 1048576K
}
Event: 3.287 GC heap before
{Heap before GC invocations=5 (full 1):
 PSYoungGen      total 38400K, used 5103K [0x0000000795580000, 0x000000079a080000, 0x00000007c0000000)
  eden space 33280K, 0% used [0x0000000795580000,0x0000000795580000,0x0000000797600000)
  from space 5120K, 99% used [0x0000000797b00000,0x0000000797ffbd38,0x0000000798000000)
  to   space 5120K, 0% used [0x0000000797600000,0x0000000797600000,0x0000000797b00000)
 ParOldGen       total 87552K, used 2352K [0x0000000740000000, 0x0000000745580000, 0x0000000795580000)
  object space 87552K, 2% used [0x0000000740000000,0x000000074024c170,0x0000000745580000)
 Metaspace       used 20802K, capacity 21014K, committed 21248K, reserved 1067008K
  class space    used 2608K, capacity 2715K, committed 2816K, reserved 1048576K
Event: 3.315 GC heap after
Heap after GC invocations=5 (full 1):
 PSYoungGen      total 38400K, used 0K [0x0000000795580000, 0x000000079a080000, 0x00000007c0000000)
  eden space 33280K, 0% used [0x0000000795580000,0x0000000795580000,0x0000000797600000)
  from space 5120K, 0% used [0x0000000797b00000,0x0000000797b00000,0x0000000798000000)
  to   space 5120K, 0% used [0x0000000797600000,0x0000000797600000,0x0000000797b00000)
 ParOldGen       total 55808K, used 5641K [0x0000000740000000, 0x0000000743680000, 0x0000000795580000)
  object space 55808K, 10% used [0x0000000740000000,0x0000000740582600,0x0000000743680000)
 Metaspace       used 20802K, capacity 21014K, committed 21248K, reserved 1067008K
  class space    used 2608K, capacity 2715K, committed 2816K, reserved 1048576K
}
Event: 8.509 GC heap before
{Heap before GC invocations=6 (full 1):
 PSYoungGen      total 38400K, used 33280K [0x0000000795580000, 0x000000079a080000, 0x00000007c0000000)
  eden space 33280K, 100% used [0x0000000795580000,0x0000000797600000,0x0000000797600000)
  from space 5120K, 0% used [0x0000000797b00000,0x0000000797b00000,0x0000000798000000)
  to   space 5120K, 0% used [0x0000000797600000,0x0000000797600000,0x0000000797b00000)
 ParOldGen       total 55808K, used 5641K [0x0000000740000000, 0x0000000743680000, 0x0000000795580000)
  object space 55808K, 10% used [0x0000000740000000,0x0000000740582600,0x0000000743680000)
 Metaspace       used 24690K, capacity 24988K, committed 25344K, reserved 1071104K
  class space    used 3171K, capacity 3270K, committed 3328K, reserved 1048576K
Event: 8.512 GC heap after
Heap after GC invocations=6 (full 1):
 PSYoungGen      total 38400K, used 3818K [0x0000000795580000, 0x0000000799600000, 0x00000007c0000000)
  eden space 33280K, 0% used [0x0000000795580000,0x0000000795580000,0x0000000797600000)
  from space 5120K, 74% used [0x0000000797600000,0x00000007979baa38,0x0000000797b00000)
  to   space 8192K, 0% used [0x0000000798e00000,0x0000000798e00000,0x0000000799600000)
 ParOldGen       total 55808K, used 5649K [0x0000000740000000, 0x0000000743680000, 0x0000000795580000)
  object space 55808K, 10% used [0x0000000740000000,0x0000000740584600,0x0000000743680000)
 Metaspace       used 24690K, capacity 24988K, committed 25344K, reserved 1071104K
  class space    used 3171K, capacity 3270K, committed 3328K, reserved 1048576K
}

Deoptimization events (10 events):
Event: 3.401 Thread 0x00007fe55e805000 Uncommon trap: reason=unstable_if action=reinterpret pc=0x0000000116cbe8f8 method=java.lang.String.replace(CC)Ljava/lang/String; @ 26
Event: 3.450 Thread 0x00007fe55e805000 Uncommon trap: reason=unstable_if action=reinterpret pc=0x0000000116e33e40 method=java.util.HashMap.putVal(ILjava/lang/Object;Ljava/lang/Object;ZZ)Ljava/lang/Object; @ 162
Event: 3.450 Thread 0x00007fe55e805000 Uncommon trap: reason=unstable_if action=reinterpret pc=0x0000000116dd739c method=java.util.HashMap.getNode(ILjava/lang/Object;)Ljava/util/HashMap$Node; @ 84
Event: 3.450 Thread 0x00007fe55e805000 Uncommon trap: reason=unstable_if action=reinterpret pc=0x0000000116ecbdfc method=java.util.HashMap.getNode(ILjava/lang/Object;)Ljava/util/HashMap$Node; @ 84
Event: 3.451 Thread 0x00007fe55e805000 Uncommon trap: reason=unstable_if action=reinterpret pc=0x0000000116f49b5c method=java.util.HashMap.resize()[Ljava/util/HashMap$Node; @ 206
Event: 3.713 Thread 0x00007fe55e805000 Uncommon trap: reason=unstable_if action=reinterpret pc=0x0000000116f06bc0 method=java.lang.String$CaseInsensitiveComparator.compare(Ljava/lang/String;Ljava/lang/String;)I @ 70
Event: 3.713 Thread 0x00007fe55e805000 Uncommon trap: reason=unstable_if action=reinterpret pc=0x0000000116efd014 method=java.lang.String.regionMatches(ZILjava/lang/String;II)Z @ 123
Event: 3.717 Thread 0x00007fe55e805000 Uncommon trap: reason=unstable_if action=reinterpret pc=0x0000000116f0b578 method=java.lang.String$CaseInsensitiveComparator.compare(Ljava/lang/String;Ljava/lang/String;)I @ 70
Event: 6.655 Thread 0x00007fe55e805000 Uncommon trap: reason=class_check action=maybe_recompile pc=0x0000000116d81524 method=java.util.regex.Pattern$BmpCharProperty.match(Ljava/util/regex/Matcher;ILjava/lang/CharSequence;)Z @ 11
Event: 6.655 Thread 0x00007fe55e805000 Uncommon trap: reason=class_check action=maybe_recompile pc=0x0000000116d81524 method=java.util.regex.Pattern$BmpCharProperty.match(Ljava/util/regex/Matcher;ILjava/lang/CharSequence;)Z @ 11

Internal exceptions (10 events):
Event: 2.010 Thread 0x00007fe55e805000 Exception <a 'java/security/PrivilegedActionException'> (0x0000000795a6f630) thrown at [/Users/java_re/workspace/8-2-build-macosx-x86_64/jdk8u45/3457/hotspot/src/share/vm/prims/jvm.cpp, line 1382]
Event: 2.010 Thread 0x00007fe55e805000 Exception <a 'java/security/PrivilegedActionException'> (0x0000000795a6f978) thrown at [/Users/java_re/workspace/8-2-build-macosx-x86_64/jdk8u45/3457/hotspot/src/share/vm/prims/jvm.cpp, line 1382]
Event: 2.010 Thread 0x00007fe55e805000 Exception <a 'java/security/PrivilegedActionException'> (0x0000000795a76ad8) thrown at [/Users/java_re/workspace/8-2-build-macosx-x86_64/jdk8u45/3457/hotspot/src/share/vm/prims/jvm.cpp, line 1382]
Event: 2.010 Thread 0x00007fe55e805000 Exception <a 'java/security/PrivilegedActionException'> (0x0000000795a76e20) thrown at [/Users/java_re/workspace/8-2-build-macosx-x86_64/jdk8u45/3457/hotspot/src/share/vm/prims/jvm.cpp, line 1382]
Event: 2.010 Thread 0x00007fe55e805000 Exception <a 'java/security/PrivilegedActionException'> (0x0000000795a7e140) thrown at [/Users/java_re/workspace/8-2-build-macosx-x86_64/jdk8u45/3457/hotspot/src/share/vm/prims/jvm.cpp, line 1382]
Event: 2.011 Thread 0x00007fe55e805000 Exception <a 'java/security/PrivilegedActionException'> (0x0000000795a7e488) thrown at [/Users/java_re/workspace/8-2-build-macosx-x86_64/jdk8u45/3457/hotspot/src/share/vm/prims/jvm.cpp, line 1382]
Event: 2.011 Thread 0x00007fe55e805000 Exception <a 'java/security/PrivilegedActionException'> (0x0000000795a85970) thrown at [/Users/java_re/workspace/8-2-build-macosx-x86_64/jdk8u45/3457/hotspot/src/share/vm/prims/jvm.cpp, line 1382]
Event: 2.011 Thread 0x00007fe55e805000 Exception <a 'java/security/PrivilegedActionException'> (0x0000000795a85cb8) thrown at [/Users/java_re/workspace/8-2-build-macosx-x86_64/jdk8u45/3457/hotspot/src/share/vm/prims/jvm.cpp, line 1382]
Event: 2.603 Thread 0x00007fe55e805000 Exception <a 'java/lang/AbstractMethodError': com.mysql.jdbc.JDBC4Connection.getSchema()Ljava/lang/String;> (0x00000007964290d8) thrown at [/Users/java_re/workspace/8-2-build-macosx-x86_64/jdk8u45/3457/hotspot/src/share/vm/interpreter/linkResolver.cpp, li
Event: 2.604 Thread 0x00007fe55e805000 Exception <a 'java/lang/reflect/InvocationTargetException'> (0x0000000796429288) thrown at [/Users/java_re/workspace/8-2-build-macosx-x86_64/jdk8u45/3457/hotspot/src/share/vm/runtime/reflection.cpp, line 948]

Events (10 events):
Event: 2790.219 Executing VM operation: ChangeBreakpoints
Event: 2790.220 Executing VM operation: ChangeBreakpoints done
Event: 2827.496 Executing VM operation: ChangeBreakpoints
Event: 2827.497 Executing VM operation: ChangeBreakpoints done
Event: 2827.499 Thread 0x00007fe55f020800 DEOPT PACKING pc=0x0000000116d0042c sp=0x000070000c584540
Event: 2827.499 Thread 0x00007fe55f020800 DEOPT UNPACKING pc=0x0000000116b4e633 sp=0x000070000c584298 mode 1
Event: 2827.500 Executing VM operation: RedefineClasses
Event: 2827.513 Executing VM operation: RedefineClasses done
Event: 2827.541 Executing VM operation: ChangeBreakpoints
Event: 2827.542 Executing VM operation: ChangeBreakpoints done


Dynamic libraries:
0x000000001eebb000 	/System/Library/Frameworks/Cocoa.framework/Versions/A/Cocoa
0x000000001eebb000 	/System/Library/Frameworks/Security.framework/Versions/A/Security
0x000000001eebb000 	/System/Library/Frameworks/ApplicationServices.framework/Versions/A/ApplicationServices
0x000000001eebb000 	/usr/lib/libz.1.dylib
0x000000001eebb000 	/usr/lib/libSystem.B.dylib
0x000000001eebb000 	/usr/lib/libobjc.A.dylib
0x000000001eebb000 	/System/Library/Frameworks/CoreFoundation.framework/Versions/A/CoreFoundation
0x000000001eebb000 	/System/Library/Frameworks/Foundation.framework/Versions/C/Foundation
0x000000001eebb000 	/System/Library/Frameworks/AppKit.framework/Versions/C/AppKit
0x000000001eebb000 	/System/Library/Frameworks/CoreData.framework/Versions/A/CoreData
0x000000001eebb000 	/System/Library/PrivateFrameworks/RemoteViewServices.framework/Versions/A/RemoteViewServices
0x000000001eebb000 	/System/Library/PrivateFrameworks/UIFoundation.framework/Versions/A/UIFoundation
0x000000001eebb000 	/System/Library/PrivateFrameworks/DFRFoundation.framework/Versions/A/DFRFoundation
0x000000001eebb000 	/usr/lib/libenergytrace.dylib
0x000000001eebb000 	/System/Library/PrivateFrameworks/SkyLight.framework/Versions/A/SkyLight
0x000000001eebb000 	/System/Library/Frameworks/CoreGraphics.framework/Versions/A/CoreGraphics
0x000000001eebb000 	/usr/lib/libScreenReader.dylib
0x000000001eebb000 	/System/Library/Frameworks/Accelerate.framework/Versions/A/Accelerate
0x000000001eebb000 	/System/Library/Frameworks/IOSurface.framework/Versions/A/IOSurface
0x000000001eebb000 	/System/Library/Frameworks/AudioToolbox.framework/Versions/A/AudioToolbox
0x000000001eebb000 	/System/Library/Frameworks/AudioUnit.framework/Versions/A/AudioUnit
0x000000001eebb000 	/System/Library/PrivateFrameworks/DataDetectorsCore.framework/Versions/A/DataDetectorsCore
0x000000001eebb000 	/System/Library/PrivateFrameworks/DesktopServicesPriv.framework/Versions/A/DesktopServicesPriv
0x000000001eebb000 	/System/Library/Frameworks/Carbon.framework/Versions/A/Frameworks/HIToolbox.framework/Versions/A/HIToolbox
0x000000001eebb000 	/usr/lib/libicucore.A.dylib
0x000000001eebb000 	/System/Library/Frameworks/QuartzCore.framework/Versions/A/QuartzCore
0x000000001eebb000 	/System/Library/Frameworks/Carbon.framework/Versions/A/Frameworks/SpeechRecognition.framework/Versions/A/SpeechRecognition
0x000000001eebb000 	/usr/lib/libauto.dylib
0x000000001eebb000 	/usr/lib/libxml2.2.dylib
0x000000001eebb000 	/System/Library/PrivateFrameworks/CoreUI.framework/Versions/A/CoreUI
0x000000001eebb000 	/System/Library/Frameworks/CoreAudio.framework/Versions/A/CoreAudio
0x000000001eebb000 	/System/Library/Frameworks/DiskArbitration.framework/Versions/A/DiskArbitration
0x000000001eebb000 	/usr/lib/liblangid.dylib
0x000000001eebb000 	/System/Library/PrivateFrameworks/MultitouchSupport.framework/Versions/A/MultitouchSupport
0x000000001eebb000 	/System/Library/Frameworks/IOKit.framework/Versions/A/IOKit
0x000000001eebb000 	/usr/lib/libDiagnosticMessagesClient.dylib
0x000000001eebb000 	/System/Library/Frameworks/CoreServices.framework/Versions/A/CoreServices
0x000000001eebb000 	/System/Library/PrivateFrameworks/PerformanceAnalysis.framework/Versions/A/PerformanceAnalysis
0x000000001eebb000 	/System/Library/PrivateFrameworks/GenerationalStorage.framework/Versions/A/GenerationalStorage
0x000000001eebb000 	/System/Library/Frameworks/OpenGL.framework/Versions/A/OpenGL
0x000000001eebb000 	/System/Library/Frameworks/CoreImage.framework/Versions/A/CoreImage
0x000000001eebb000 	/System/Library/Frameworks/CoreText.framework/Versions/A/CoreText
0x000000001eebb000 	/System/Library/Frameworks/ImageIO.framework/Versions/A/ImageIO
0x000000001eebb000 	/System/Library/PrivateFrameworks/Backup.framework/Versions/A/Backup
0x000000001eebb000 	/usr/lib/libarchive.2.dylib
0x000000001eebb000 	/System/Library/Frameworks/CFNetwork.framework/Versions/A/CFNetwork
0x000000001eebb000 	/System/Library/Frameworks/SystemConfiguration.framework/Versions/A/SystemConfiguration
0x000000001eebb000 	/usr/lib/libCRFSuite.dylib
0x000000001eebb000 	/usr/lib/libc++.1.dylib
0x000000001eebb000 	/usr/lib/libc++abi.dylib
0x000000001eebb000 	/usr/lib/system/libcache.dylib
0x000000001eebb000 	/usr/lib/system/libcommonCrypto.dylib
0x000000001eebb000 	/usr/lib/system/libcompiler_rt.dylib
0x000000001eebb000 	/usr/lib/system/libcopyfile.dylib
0x000000001eebb000 	/usr/lib/system/libcorecrypto.dylib
0x000000001eebb000 	/usr/lib/system/libdispatch.dylib
0x000000001eebb000 	/usr/lib/system/libdyld.dylib
0x000000001eebb000 	/usr/lib/system/libkeymgr.dylib
0x000000001eebb000 	/usr/lib/system/liblaunch.dylib
0x000000001eebb000 	/usr/lib/system/libmacho.dylib
0x000000001eebb000 	/usr/lib/system/libquarantine.dylib
0x000000001eebb000 	/usr/lib/system/libremovefile.dylib
0x000000001eebb000 	/usr/lib/system/libsystem_asl.dylib
0x000000001eebb000 	/usr/lib/system/libsystem_blocks.dylib
0x000000001eebb000 	/usr/lib/system/libsystem_c.dylib
0x000000001eebb000 	/usr/lib/system/libsystem_configuration.dylib
0x000000001eebb000 	/usr/lib/system/libsystem_coreservices.dylib
0x000000001eebb000 	/usr/lib/system/libsystem_coretls.dylib
0x000000001eebb000 	/usr/lib/system/libsystem_dnssd.dylib
0x000000001eebb000 	/usr/lib/system/libsystem_info.dylib
0x000000001eebb000 	/usr/lib/system/libsystem_kernel.dylib
0x000000001eebb000 	/usr/lib/system/libsystem_m.dylib
0x000000001eebb000 	/usr/lib/system/libsystem_malloc.dylib
0x000000001eebb000 	/usr/lib/system/libsystem_network.dylib
0x000000001eebb000 	/usr/lib/system/libsystem_networkextension.dylib
0x000000001eebb000 	/usr/lib/system/libsystem_notify.dylib
0x000000001eebb000 	/usr/lib/system/libsystem_platform.dylib
0x000000001eebb000 	/usr/lib/system/libsystem_pthread.dylib
0x000000001eebb000 	/usr/lib/system/libsystem_sandbox.dylib
0x000000001eebb000 	/usr/lib/system/libsystem_secinit.dylib
0x000000001eebb000 	/usr/lib/system/libsystem_symptoms.dylib
0x000000001eebb000 	/usr/lib/system/libsystem_trace.dylib
0x000000001eebb000 	/usr/lib/system/libunwind.dylib
0x000000001eebb000 	/usr/lib/system/libxpc.dylib
0x000000001eebb000 	/usr/lib/libbsm.0.dylib
0x000000001eebb000 	/usr/lib/system/libkxld.dylib
0x000000001eebb000 	/usr/lib/libcoretls.dylib
0x000000001eebb000 	/usr/lib/libcoretls_cfhelpers.dylib
0x000000001eebb000 	/usr/lib/libxar.1.dylib
0x000000001eebb000 	/usr/lib/libsqlite3.dylib
0x000000001eebb000 	/usr/lib/libpam.2.dylib
0x000000001eebb000 	/usr/lib/libOpenScriptingUtil.dylib
0x000000001eebb000 	/usr/lib/libbz2.1.0.dylib
0x000000001eebb000 	/usr/lib/liblzma.5.dylib
0x000000001eebb000 	/usr/lib/libnetwork.dylib
0x000000001eebb000 	/usr/lib/libpcap.A.dylib
0x000000001eebb000 	/System/Library/Frameworks/CoreServices.framework/Versions/A/Frameworks/FSEvents.framework/Versions/A/FSEvents
0x000000001eebb000 	/System/Library/Frameworks/CoreServices.framework/Versions/A/Frameworks/CarbonCore.framework/Versions/A/CarbonCore
0x000000001eebb000 	/System/Library/Frameworks/CoreServices.framework/Versions/A/Frameworks/Metadata.framework/Versions/A/Metadata
0x000000001eebb000 	/System/Library/Frameworks/CoreServices.framework/Versions/A/Frameworks/OSServices.framework/Versions/A/OSServices
0x000000001eebb000 	/System/Library/Frameworks/CoreServices.framework/Versions/A/Frameworks/SearchKit.framework/Versions/A/SearchKit
0x000000001eebb000 	/System/Library/Frameworks/CoreServices.framework/Versions/A/Frameworks/AE.framework/Versions/A/AE
0x000000001eebb000 	/System/Library/Frameworks/CoreServices.framework/Versions/A/Frameworks/LaunchServices.framework/Versions/A/LaunchServices
0x000000001eebb000 	/System/Library/Frameworks/CoreServices.framework/Versions/A/Frameworks/DictionaryServices.framework/Versions/A/DictionaryServices
0x000000001eebb000 	/System/Library/Frameworks/CoreServices.framework/Versions/A/Frameworks/SharedFileList.framework/Versions/A/SharedFileList
0x000000001eebb000 	/System/Library/Frameworks/NetFS.framework/Versions/A/NetFS
0x000000001eebb000 	/System/Library/PrivateFrameworks/NetAuth.framework/Versions/A/NetAuth
0x000000001eebb000 	/System/Library/PrivateFrameworks/login.framework/Versions/A/Frameworks/loginsupport.framework/Versions/A/loginsupport
0x000000001eebb000 	/System/Library/PrivateFrameworks/TCC.framework/Versions/A/TCC
0x000000001eebb000 	/usr/lib/libmecabra.dylib
0x000000001eebb000 	/System/Library/Frameworks/ApplicationServices.framework/Versions/A/Frameworks/ATS.framework/Versions/A/ATS
0x000000001eebb000 	/System/Library/Frameworks/ApplicationServices.framework/Versions/A/Frameworks/ColorSync.framework/Versions/A/ColorSync
0x000000001eebb000 	/System/Library/Frameworks/ApplicationServices.framework/Versions/A/Frameworks/HIServices.framework/Versions/A/HIServices
0x000000001eebb000 	/System/Library/Frameworks/ApplicationServices.framework/Versions/A/Frameworks/LangAnalysis.framework/Versions/A/LangAnalysis
0x000000001eebb000 	/System/Library/Frameworks/ApplicationServices.framework/Versions/A/Frameworks/PrintCore.framework/Versions/A/PrintCore
0x000000001eebb000 	/System/Library/Frameworks/ApplicationServices.framework/Versions/A/Frameworks/QD.framework/Versions/A/QD
0x000000001eebb000 	/System/Library/Frameworks/ApplicationServices.framework/Versions/A/Frameworks/SpeechSynthesis.framework/Versions/A/SpeechSynthesis
0x000000001eebb000 	/System/Library/Frameworks/Accelerate.framework/Versions/A/Frameworks/vImage.framework/Versions/A/vImage
0x000000001eebb000 	/System/Library/Frameworks/Accelerate.framework/Versions/A/Frameworks/vecLib.framework/Versions/A/vecLib
0x000000001eebb000 	/System/Library/Frameworks/Accelerate.framework/Versions/A/Frameworks/vecLib.framework/Versions/A/libvDSP.dylib
0x000000001eebb000 	/System/Library/Frameworks/Accelerate.framework/Versions/A/Frameworks/vecLib.framework/Versions/A/libBNNS.dylib
0x000000001eebb000 	/System/Library/Frameworks/Accelerate.framework/Versions/A/Frameworks/vecLib.framework/Versions/A/libQuadrature.dylib
0x000000001eebb000 	/System/Library/Frameworks/Accelerate.framework/Versions/A/Frameworks/vecLib.framework/Versions/A/libvMisc.dylib
0x000000001eebb000 	/System/Library/Frameworks/Accelerate.framework/Versions/A/Frameworks/vecLib.framework/Versions/A/libLAPACK.dylib
0x000000001eebb000 	/System/Library/Frameworks/Accelerate.framework/Versions/A/Frameworks/vecLib.framework/Versions/A/libBLAS.dylib
0x000000001eebb000 	/System/Library/Frameworks/Accelerate.framework/Versions/A/Frameworks/vecLib.framework/Versions/A/libLinearAlgebra.dylib
0x000000001eebb000 	/System/Library/Frameworks/Accelerate.framework/Versions/A/Frameworks/vecLib.framework/Versions/A/libSparseBLAS.dylib
0x000000001eebb000 	/System/Library/Frameworks/ApplicationServices.framework/Versions/A/Frameworks/ATS.framework/Versions/A/Resources/libFontParser.dylib
0x000000001eebb000 	/System/Library/Frameworks/ApplicationServices.framework/Versions/A/Frameworks/ATS.framework/Versions/A/Resources/libFontRegistry.dylib
0x000000001eebb000 	/System/Library/Frameworks/ImageIO.framework/Versions/A/Resources/libJPEG.dylib
0x000000001eebb000 	/System/Library/Frameworks/ImageIO.framework/Versions/A/Resources/libTIFF.dylib
0x000000001eebb000 	/System/Library/Frameworks/ImageIO.framework/Versions/A/Resources/libPng.dylib
0x000000001eebb000 	/System/Library/Frameworks/ImageIO.framework/Versions/A/Resources/libGIF.dylib
0x000000001eebb000 	/System/Library/Frameworks/ImageIO.framework/Versions/A/Resources/libJP2.dylib
0x000000001eebb000 	/System/Library/Frameworks/ImageIO.framework/Versions/A/Resources/libRadiance.dylib
0x000000001eebb000 	/usr/lib/libcompression.dylib
0x000000001eebb000 	/System/Library/PrivateFrameworks/AppleJPEG.framework/Versions/A/AppleJPEG
0x000000001eebb000 	/usr/lib/libcups.2.dylib
0x000000001eebb000 	/System/Library/Frameworks/Kerberos.framework/Versions/A/Kerberos
0x000000001eebb000 	/System/Library/Frameworks/GSS.framework/Versions/A/GSS
0x000000001eebb000 	/usr/lib/libresolv.9.dylib
0x000000001eebb000 	/usr/lib/libiconv.2.dylib
0x000000001eebb000 	/System/Library/PrivateFrameworks/Heimdal.framework/Versions/A/Heimdal
0x000000001eebb000 	/usr/lib/libheimdal-asn1.dylib
0x000000001eebb000 	/System/Library/Frameworks/OpenDirectory.framework/Versions/A/OpenDirectory
0x000000001eebb000 	/System/Library/PrivateFrameworks/CommonAuth.framework/Versions/A/CommonAuth
0x000000001eebb000 	/System/Library/Frameworks/OpenDirectory.framework/Versions/A/Frameworks/CFOpenDirectory.framework/Versions/A/CFOpenDirectory
0x000000001eebb000 	/System/Library/Frameworks/SecurityFoundation.framework/Versions/A/SecurityFoundation
0x000000001eebb000 	/System/Library/PrivateFrameworks/LanguageModeling.framework/Versions/A/LanguageModeling
0x000000001eebb000 	/usr/lib/libmarisa.dylib
0x000000001eebb000 	/usr/lib/libChineseTokenizer.dylib
0x000000001eebb000 	/usr/lib/libcmph.dylib
0x000000001eebb000 	/System/Library/PrivateFrameworks/CoreEmoji.framework/Versions/A/CoreEmoji
0x000000001eebb000 	/System/Library/Frameworks/ServiceManagement.framework/Versions/A/ServiceManagement
0x000000001eebb000 	/usr/lib/libxslt.1.dylib
0x000000001eebb000 	/System/Library/Frameworks/Carbon.framework/Versions/A/Frameworks/Ink.framework/Versions/A/Ink
0x000000001eebb000 	/System/Library/PrivateFrameworks/TextureIO.framework/Versions/A/TextureIO
0x000000001eebb000 	/System/Library/Frameworks/Metal.framework/Versions/A/Metal
0x000000001eebb000 	/usr/lib/libate.dylib
0x000000001eebb000 	/System/Library/PrivateFrameworks/GPUCompiler.framework/libmetal_timestamp.dylib
0x000000001eebb000 	/System/Library/Frameworks/OpenGL.framework/Versions/A/Libraries/libCoreFSCache.dylib
0x000000001eebb000 	/System/Library/PrivateFrameworks/IOAccelerator.framework/Versions/A/IOAccelerator
0x000000001eebb000 	/System/Library/Frameworks/CoreVideo.framework/Versions/A/CoreVideo
0x000000001eebb000 	/usr/lib/libFosl_dynamic.dylib
0x000000001eebb000 	/System/Library/PrivateFrameworks/MetalPerformanceShaders.framework/Versions/A/MetalPerformanceShaders
0x000000001eebb000 	/System/Library/PrivateFrameworks/FaceCore.framework/Versions/A/FaceCore
0x000000001eebb000 	/System/Library/Frameworks/OpenCL.framework/Versions/A/OpenCL
0x000000001eebb000 	/System/Library/Frameworks/OpenGL.framework/Versions/A/Libraries/libGLU.dylib
0x000000001eebb000 	/System/Library/Frameworks/OpenGL.framework/Versions/A/Libraries/libGFXShared.dylib
0x000000001eebb000 	/System/Library/Frameworks/OpenGL.framework/Versions/A/Libraries/libGL.dylib
0x000000001eebb000 	/System/Library/Frameworks/OpenGL.framework/Versions/A/Libraries/libGLImage.dylib
0x000000001eebb000 	/System/Library/Frameworks/OpenGL.framework/Versions/A/Libraries/libCVMSPluginSupport.dylib
0x000000001eebb000 	/System/Library/Frameworks/OpenGL.framework/Versions/A/Libraries/libCoreVMClient.dylib
0x000000001eebb000 	/System/Library/PrivateFrameworks/CrashReporterSupport.framework/Versions/A/CrashReporterSupport
0x000000001eebb000 	/System/Library/PrivateFrameworks/Sharing.framework/Versions/A/Sharing
0x000000001eebb000 	/System/Library/PrivateFrameworks/IconServices.framework/Versions/A/IconServices
0x000000001eebb000 	/System/Library/PrivateFrameworks/ProtocolBuffer.framework/Versions/A/ProtocolBuffer
0x000000001eebb000 	/System/Library/PrivateFrameworks/Apple80211.framework/Versions/A/Apple80211
0x000000001eebb000 	/System/Library/Frameworks/CoreWLAN.framework/Versions/A/CoreWLAN
0x000000001eebb000 	/System/Library/PrivateFrameworks/CoreUtils.framework/Versions/A/CoreUtils
0x000000001eebb000 	/System/Library/Frameworks/IOBluetooth.framework/Versions/A/IOBluetooth
0x000000001eebb000 	/System/Library/PrivateFrameworks/CoreWiFi.framework/Versions/A/CoreWiFi
0x000000001eebb000 	/System/Library/Frameworks/CoreBluetooth.framework/Versions/A/CoreBluetooth
0x000000001eebb000 	/System/Library/Frameworks/CoreDisplay.framework/Versions/A/CoreDisplay
0x000000001eebb000 	/System/Library/PrivateFrameworks/IOPresentment.framework/Versions/A/IOPresentment
0x000000001eebb000 	/System/Library/PrivateFrameworks/DebugSymbols.framework/Versions/A/DebugSymbols
0x000000001eebb000 	/System/Library/PrivateFrameworks/CoreSymbolication.framework/Versions/A/CoreSymbolication
0x000000001eebb000 	/System/Library/PrivateFrameworks/Symbolication.framework/Versions/A/Symbolication
0x000000001eebb000 	/System/Library/PrivateFrameworks/AppleFSCompression.framework/Versions/A/AppleFSCompression
0x000000001eebb000 	/System/Library/PrivateFrameworks/SpeechRecognitionCore.framework/Versions/A/SpeechRecognitionCore
0x000000001eebb000 	/System/Library/PrivateFrameworks/ChunkingLibrary.framework/Versions/A/ChunkingLibrary
0x000000010ba00000 	/Library/Java/JavaVirtualMachines/jdk1.8.0_45.jdk/Contents/Home/jre/lib/server/libjvm.dylib
0x000000001eebb000 	/usr/lib/libstdc++.6.dylib
0x000000010b0dd000 	/Library/Java/JavaVirtualMachines/jdk1.8.0_45.jdk/Contents/Home/jre/lib/libverify.dylib
0x000000010b0eb000 	/Library/Java/JavaVirtualMachines/jdk1.8.0_45.jdk/Contents/Home/jre/lib/libjava.dylib
0x000000010b121000 	/Library/Java/JavaVirtualMachines/jdk1.8.0_45.jdk/Contents/Home/jre/lib/libjdwp.dylib
0x000000010b16c000 	/Library/Java/JavaVirtualMachines/jdk1.8.0_45.jdk/Contents/Home/jre/lib/libnpt.dylib
0x000000010b170000 	/Library/Java/JavaVirtualMachines/jdk1.8.0_45.jdk/Contents/Home/jre/lib/libinstrument.dylib
0x000000010b1ce000 	/Library/Java/JavaVirtualMachines/jdk1.8.0_45.jdk/Contents/Home/jre/lib/libzip.dylib
0x000000011327b000 	/System/Library/Frameworks/JavaVM.framework/Frameworks/JavaRuntimeSupport.framework/JavaRuntimeSupport
0x0000000113295000 	/System/Library/Frameworks/JavaVM.framework/Versions/A/Frameworks/JavaNativeFoundation.framework/Versions/A/JavaNativeFoundation
0x00000001132aa000 	/System/Library/Frameworks/JavaVM.framework/Versions/A/JavaVM
0x000000001eebb000 	/System/Library/Frameworks/Carbon.framework/Versions/A/Carbon
0x00000001132b7000 	/System/Library/PrivateFrameworks/JavaLaunching.framework/Versions/A/JavaLaunching
0x000000001eebb000 	/System/Library/Frameworks/Carbon.framework/Versions/A/Frameworks/CommonPanels.framework/Versions/A/CommonPanels
0x000000001eebb000 	/System/Library/Frameworks/Carbon.framework/Versions/A/Frameworks/Help.framework/Versions/A/Help
0x000000001eebb000 	/System/Library/Frameworks/Carbon.framework/Versions/A/Frameworks/ImageCapture.framework/Versions/A/ImageCapture
0x000000001eebb000 	/System/Library/Frameworks/Carbon.framework/Versions/A/Frameworks/OpenScripting.framework/Versions/A/OpenScripting
0x000000001eebb000 	/System/Library/Frameworks/Carbon.framework/Versions/A/Frameworks/Print.framework/Versions/A/Print
0x000000001eebb000 	/System/Library/Frameworks/Carbon.framework/Versions/A/Frameworks/SecurityHI.framework/Versions/A/SecurityHI
0x0000000114bc3000 	/Library/Java/JavaVirtualMachines/jdk1.8.0_45.jdk/Contents/Home/jre/lib/libdt_socket.dylib
0x00000001156f6000 	/Library/Java/JavaVirtualMachines/jdk1.8.0_45.jdk/Contents/Home/jre/lib/libnet.dylib

VM Arguments:
jvm_args: -agentlib:jdwp=transport=dt_socket,address=127.0.0.1:54373,suspend=y,server=n -javaagent:/Users/receme/Library/Caches/IntelliJIdea2016.3/groovyHotSwap/gragent.jar -Dfile.encoding=UTF-8 
java_command: Main
java_class_path (initial): /Library/Java/JavaVirtualMachines/jdk1.8.0_45.jdk/Contents/Home/jre/lib/charsets.jar:/Library/Java/JavaVirtualMachines/jdk1.8.0_45.jdk/Contents/Home/jre/lib/deploy.jar:/Library/Java/JavaVirtualMachines/jdk1.8.0_45.jdk/Contents/Home/jre/lib/ext/cldrdata.jar:/Library/Java/JavaVirtualMachines/jdk1.8.0_45.jdk/Contents/Home/jre/lib/ext/dnsns.jar:/Library/Java/JavaVirtualMachines/jdk1.8.0_45.jdk/Contents/Home/jre/lib/ext/jfxrt.jar:/Library/Java/JavaVirtualMachines/jdk1.8.0_45.jdk/Contents/Home/jre/lib/ext/localedata.jar:/Library/Java/JavaVirtualMachines/jdk1.8.0_45.jdk/Contents/Home/jre/lib/ext/nashorn.jar:/Library/Java/JavaVirtualMachines/jdk1.8.0_45.jdk/Contents/Home/jre/lib/ext/sunec.jar:/Library/Java/JavaVirtualMachines/jdk1.8.0_45.jdk/Contents/Home/jre/lib/ext/sunjce_provider.jar:/Library/Java/JavaVirtualMachines/jdk1.8.0_45.jdk/Contents/Home/jre/lib/ext/sunpkcs11.jar:/Library/Java/JavaVirtualMachines/jdk1.8.0_45.jdk/Contents/Home/jre/lib/ext/zipfs.jar:/Library/Java/JavaVirtualMachines/jdk1.8.0_45.jdk/Contents/Home/jre/lib/javaws.jar:/Library/Java/JavaVirtualMachines/jdk1.8.0_45.jdk/Contents/Home/jre/lib/jce.jar:/Library/Java/JavaVirtualMachines/jdk1.8.0_45.jdk/Contents/Home/jre/lib/jfr.jar:/Library/Java/JavaVirtualMachines/jdk1.8.0_45.jdk/Contents/Home/jre/lib/jfxswt.jar:/Library/Java/JavaVirtualMachines/jdk1.8.0_45.jdk/Contents/Home/jre/lib/jsse.jar:/Library/Java/JavaVirtualMachines/jdk1.8.0_45.jdk/Contents/Home/jre/lib/management-agent.jar:/Library/Java/JavaVirtualMachines/jdk1.8.0_45.jdk/Contents/Home/jre/lib/plugin.jar:/Library/Java/JavaVirtualMachines/jdk1.8.0_45.jdk/Contents/Home/jre/lib/resources.jar:/Library/Java/JavaVirtualMachines/jdk1.8.0_45.jdk/Contents/Home/jre/lib/rt.jar:/Library/Java/JavaVirtualMachines/jdk1.8.0_45.jdk/Contents/Home/lib/ant-javafx.jar:/Library/Java/JavaVirtualMachines/jdk1.8.0_45.jdk/Contents/Home/lib/dt.jar:/Library/Java/JavaVirtualMachines/jdk1.8.0_45.jdk/Contents/Home/lib/javafx-mx.jar:/Library/Java/Jav
Launcher Type: SUN_STANDARD

Environment Variables:
PATH=/Users/receme/.rbenv/shims:/usr/local/bin:/usr/bin:/bin:/usr/sbin:/sbin:/System/Library/Frameworks/Ruby.framework/Versions/2.0/Resources:/Users/receme/Library/Android/sdk/tools:/Users/receme/Library/Android/sdk/platform-tools:/Users/receme/Library/Android/sdk/tools:/Users/receme/Library/Android/sdk/platform-tools
SHELL=/bin/zsh

Signal Handlers:
SIGSEGV: [libjvm.dylib+0x58ef95], sa_mask[0]=11111111011111110111111111111111, sa_flags=SA_ONSTACK|SA_RESTART|SA_SIGINFO
SIGBUS: [libjvm.dylib+0x58ef95], sa_mask[0]=11111111011111110111111111111111, sa_flags=SA_RESTART|SA_SIGINFO
SIGFPE: [libjvm.dylib+0x46c108], sa_mask[0]=11111111011111110111111111111111, sa_flags=SA_RESTART|SA_SIGINFO
SIGPIPE: [libjvm.dylib+0x46c108], sa_mask[0]=11111111011111110111111111111111, sa_flags=SA_RESTART|SA_SIGINFO
SIGXFSZ: [libjvm.dylib+0x46c108], sa_mask[0]=11111111011111110111111111111111, sa_flags=SA_RESTART|SA_SIGINFO
SIGILL: [libjvm.dylib+0x46c108], sa_mask[0]=11111111011111110111111111111111, sa_flags=SA_RESTART|SA_SIGINFO
SIGUSR1: SIG_DFL, sa_mask[0]=00000000000000000000000000000000, sa_flags=none
SIGUSR2: [libjvm.dylib+0x46bc26], sa_mask[0]=00100000000000000000000000000000, sa_flags=SA_RESTART|SA_SIGINFO
SIGHUP: [libjvm.dylib+0x46a1f9], sa_mask[0]=11111111011111110111111111111111, sa_flags=SA_RESTART|SA_SIGINFO
SIGINT: [libjvm.dylib+0x46a1f9], sa_mask[0]=11111111011111110111111111111111, sa_flags=SA_RESTART|SA_SIGINFO
SIGTERM: [libjvm.dylib+0x46a1f9], sa_mask[0]=11111111011111110111111111111111, sa_flags=SA_RESTART|SA_SIGINFO
SIGQUIT: [libjvm.dylib+0x46a1f9], sa_mask[0]=11111111011111110111111111111111, sa_flags=SA_RESTART|SA_SIGINFO


---------------  S Y S T E M  ---------------

OS:Bsduname:Darwin 16.3.0 Darwin Kernel Version 16.3.0: Thu Nov 17 20:23:58 PST 2016; root:xnu-3789.31.2~1/RELEASE_X86_64 x86_64
rlimit: STACK 8192k, CORE 0k, NPROC 709, NOFILE 10240, AS infinity
load average:5.72 4.55 4.34

CPU:total 4 (2 cores per cpu, 2 threads per core) family 6 model 58 stepping 9, cmov, cx8, fxsr, mmx, sse, sse2, sse3, ssse3, sse4.1, sse4.2, popcnt, avx, aes, clmul, erms, ht, tsc, tscinvbit, tscinv

Memory: 4k page, physical 8388608k(326092k free)

/proc/meminfo:


vm_info: Java HotSpot(TM) 64-Bit Server VM (25.45-b02) for bsd-amd64 JRE (1.8.0_45-b14), built on Apr 10 2015 10:46:38 by "java_re" with gcc 4.2.1 (Based on Apple Inc. build 5658) (LLVM build 2336.11.00)

time: Sat Feb 11 17:46:36 2017
elapsed time: 2895 seconds (0d 0h 48m 15s)

